\BOOKMARK [-1][-]{part.1}{I Introduction to QCD and Lattice Field Theories}{}% 1
\BOOKMARK [0][-]{chapter.1}{A Primer on QCD in the Continuum}{part.1}% 2
\BOOKMARK [1][-]{section.1.1}{The QCD Lagrangian}{chapter.1}% 3
\BOOKMARK [2][-]{subsection.1.1.1}{Feynman Rules of QCD}{section.1.1}% 4
\BOOKMARK [2][-]{subsection.1.1.2}{Gauge Symmetry of the Lagrangian}{section.1.1}% 5
\BOOKMARK [1][-]{section.1.2}{General Properties of QCD}{chapter.1}% 6
\BOOKMARK [2][-]{subsection.1.2.1}{Running Coupling}{section.1.2}% 7
\BOOKMARK [1][-]{section.1.3}{Methods and Regimes of Chromodynamics}{chapter.1}% 8
\BOOKMARK [0][-]{chapter.2}{Lattice Field Theories and Lattice QCD}{part.1}% 9
\BOOKMARK [1][-]{section.2.1}{Discretizing Field Theories}{chapter.2}% 10
\BOOKMARK [2][-]{subsection.2.1.1}{The Harmonic Oscillaor Example}{section.2.1}% 11
\BOOKMARK [1][-]{section.2.2}{Discretization of QCD on the Lattice}{chapter.2}% 12
\BOOKMARK [2][-]{subsection.2.2.1}{Na\357ve Discretization of Fermions}{section.2.2}% 13
\BOOKMARK [2][-]{subsection.2.2.2}{The Gauge Transporter and the Wilson Loop}{section.2.2}% 14
\BOOKMARK [2][-]{subsection.2.2.3}{Lattice Fermions}{section.2.2}% 15
\BOOKMARK [1][-]{section.2.3}{Path Integrals on the Lattice}{chapter.2}% 16
\BOOKMARK [2][-]{subsection.2.3.1}{Pure Gauge Field Theory}{section.2.3}% 17
\BOOKMARK [2][-]{subsection.2.3.2}{Observables}{section.2.3}% 18
\BOOKMARK [1][-]{section.2.4}{Modern Lattice QCD Calculations}{chapter.2}% 19
\BOOKMARK [0][-]{chapter.3}{Advanced Topics in Lattice QCD}{part.1}% 20
\BOOKMARK [1][-]{section.3.1}{Scale Setting in the Quenched Approximation}{chapter.3}% 21
\BOOKMARK [1][-]{section.3.2}{The Gradient Flow Method}{chapter.3}% 22
\BOOKMARK [1][-]{section.3.3}{Perturbative Analysis of the Wilson Flow}{chapter.3}% 23
\BOOKMARK [2][-]{subsection.3.3.1}{Scale Fixing with the Gradient Flow}{section.3.3}% 24
\BOOKMARK [1][-]{section.3.4}{Estimating the Scale Parameter}{chapter.3}% 25
\BOOKMARK [2][-]{subsection.3.4.1}{4-loop Corrected Running Coupling}{section.3.4}% 26
\BOOKMARK [-1][-]{part.2}{II Implementation}{}% 27
\BOOKMARK [0][-]{chapter.4}{Designing a Lattice SU\(3\) Yang-Mills Theory Code}{part.2}% 28
\BOOKMARK [1][-]{section.4.1}{Generating Pure Gauge Fields}{chapter.4}% 29
\BOOKMARK [2][-]{subsection.4.1.1}{The Metropolis Algorithm}{section.4.1}% 30
\BOOKMARK [2][-]{subsection.4.1.2}{Sampling the Configuration Space}{section.4.1}% 31
\BOOKMARK [2][-]{subsection.4.1.3}{Updates Strategies}{section.4.1}% 32
\BOOKMARK [2][-]{subsection.4.1.4}{Parallelization Scheme}{section.4.1}% 33
\BOOKMARK [2][-]{subsection.4.1.5}{Summary of the Parameters}{section.4.1}% 34
\BOOKMARK [1][-]{section.4.2}{Wilson Flow of Gauge Configurations}{chapter.4}% 35
\BOOKMARK [2][-]{subsection.4.2.1}{The Action Derivative}{section.4.2}% 36
\BOOKMARK [2][-]{subsection.4.2.2}{Exponential of a su\(3\) Element}{section.4.2}% 37
\BOOKMARK [2][-]{subsection.4.2.3}{Parallelization Scheme}{section.4.2}% 38
\BOOKMARK [1][-]{section.4.3}{Structure and Tools}{chapter.4}% 39
\BOOKMARK [0][-]{chapter.5}{Tests and Runs Description}{part.2}% 40
\BOOKMARK [1][-]{section.5.1}{Generated Ensembles}{chapter.5}% 41
\BOOKMARK [1][-]{section.5.2}{Test Runs}{chapter.5}% 42
\BOOKMARK [2][-]{subsection.5.2.1}{Strong and Weak Scaling}{section.5.2}% 43
\BOOKMARK [2][-]{subsection.5.2.2}{Autocorrelation of Observables}{section.5.2}% 44
\BOOKMARK [1][-]{section.5.3}{Production Runs and Timing}{chapter.5}% 45
\BOOKMARK [-1][-]{part.3}{III Data Analysis and Results}{}% 46
\BOOKMARK [0][-]{chapter.6}{Raw Observables}{part.3}% 47
\BOOKMARK [0][-]{chapter.7}{Running Coupling and Scale Fixing}{part.3}% 48
\BOOKMARK [-1][-]{part.4}{IV Conclusion and Discussion}{}% 49
\BOOKMARK [0][-]{chapter.8}{Summary and Conclusion}{part.4}% 50
\BOOKMARK [0][-]{chapter.9}{Future Developements}{part.4}% 51
\BOOKMARK [-1][-]{part.5}{V Appendices}{}% 52
